Build started 5/25/2015 6:14:49 PM.
     1>Project "C:\Users\Maikel\Documents\GitHub\PSI\GAME\Game\Game.vcxproj" on node 2 (Build target(s)).
     1>ResourceCompile:
         C:\Program Files (x86)\Windows Kits\8.1\bin\x86\rc.exe /l"0x0409" /nologo /fo"Debug\Game.res" Game.rc 
         
     1>Game.rc(54): error RC2135: file not found: C:\Users\Maikel\Desktop\iconimg.ico
         
     1>Done Building Project "C:\Users\Maikel\Documents\GitHub\PSI\GAME\Game\Game.vcxproj" (Build target(s)) -- FAILED.

Build FAILED.

Time Elapsed 00:00:00.53
